c:\wxwidgets-3.1.1\demos\fractal\vc_mswud\fractal.pdb
c:\wxwidgets-3.1.1\demos\fractal\vc_mswud\fractal\fractal.obj
c:\users\cpt\desktop\jacob\cpt_master_controller\visual_studio_gui\demos\fractal\vc_mswud\fractal.pdb
c:\users\cpt\desktop\jacob\cpt_master_controller\visual_studio_gui\demos\fractal\vc_mswud\fractal\fractal.obj
c:\wxwidgets-3.1.1\demos\fractal\vc_mswud\fractal.ilk
c:\wxwidgets-3.1.1\demos\fractal\vc_mswud\fractal.exe
c:\wxwidgets-3.1.1\demos\fractal\vc_mswud\fractal\fractal.res
c:\users\cpt\desktop\jacob\cpt_master_controller\visual_studio_gui\demos\fractal\vc_mswud\fractal\wx.res
c:\users\cpt\desktop\jacob\cpt_master_controller\visual_studio_gui\demos\fractal\vc_mswud\fractal\fractal.res
c:\users\cpt\desktop\jacob\cpt_master_controller\visual_studio_gui\demos\fractal\vc_mswud\fractal\fractal.tlog\cl.command.1.tlog
c:\users\cpt\desktop\jacob\cpt_master_controller\visual_studio_gui\demos\fractal\vc_mswud\fractal\fractal.tlog\cl.read.1.tlog
c:\users\cpt\desktop\jacob\cpt_master_controller\visual_studio_gui\demos\fractal\vc_mswud\fractal\fractal.tlog\cl.write.1.tlog
c:\users\cpt\desktop\jacob\cpt_master_controller\visual_studio_gui\demos\fractal\vc_mswud\fractal\fractal.tlog\link-cvtres.read.1.tlog
c:\users\cpt\desktop\jacob\cpt_master_controller\visual_studio_gui\demos\fractal\vc_mswud\fractal\fractal.tlog\link-rc.read.1.tlog
c:\users\cpt\desktop\jacob\cpt_master_controller\visual_studio_gui\demos\fractal\vc_mswud\fractal\fractal.tlog\link-rc.write.1.tlog
c:\users\cpt\desktop\jacob\cpt_master_controller\visual_studio_gui\demos\fractal\vc_mswud\fractal\fractal.tlog\link.command.1.tlog
c:\users\cpt\desktop\jacob\cpt_master_controller\visual_studio_gui\demos\fractal\vc_mswud\fractal\fractal.tlog\link.read.1.tlog
c:\users\cpt\desktop\jacob\cpt_master_controller\visual_studio_gui\demos\fractal\vc_mswud\fractal\fractal.tlog\link.write.1.tlog
c:\users\cpt\desktop\jacob\cpt_master_controller\visual_studio_gui\demos\fractal\vc_mswud\fractal\fractal.tlog\rc.command.1.tlog
c:\users\cpt\desktop\jacob\cpt_master_controller\visual_studio_gui\demos\fractal\vc_mswud\fractal\fractal.tlog\rc.read.1.tlog
c:\users\cpt\desktop\jacob\cpt_master_controller\visual_studio_gui\demos\fractal\vc_mswud\fractal\fractal.tlog\rc.write.1.tlog
